2023-04-14 10:50:17,578 - __main__ - INFO - Token value: Token not available!
2023-04-14 10:50:19,324 - __main__ - INFO - Temperature in India is: 36.28
2023-04-14 10:50:19,324 - __main__ - INFO - Weather is: broken clouds
2023-04-14 09:31:02,235 - __main__ - INFO - Token value: 2341
2023-04-14 09:31:02,925 - __main__ - INFO - Temperature in India is: 38.32 °C
2023-04-14 09:31:02,925 - __main__ - INFO - Weather is: overcast clouds
2023-04-15 09:15:27,991 - __main__ - INFO - Token value: 2341
2023-04-15 09:15:28,851 - __main__ - INFO - Temperature in India is: 37.2 °C
2023-04-15 09:15:28,851 - __main__ - INFO - Weather is: overcast clouds
2023-04-16 09:15:23,458 - __main__ - INFO - Token value: 2341
2023-04-16 09:15:23,965 - __main__ - INFO - Temperature in India is: 38.44 °C
2023-04-16 09:15:23,966 - __main__ - INFO - Weather is: clear sky
2023-04-17 09:17:30,507 - __main__ - INFO - Token value: 2341
2023-04-17 09:17:31,173 - __main__ - INFO - Temperature in India is: 38.56 °C
2023-04-17 09:17:31,173 - __main__ - INFO - Weather is: few clouds
2023-04-18 09:17:02,704 - __main__ - INFO - Token value: 2341
2023-04-18 09:17:02,922 - __main__ - INFO - Temperature in India is: 39.94 °C
2023-04-18 09:17:02,923 - __main__ - INFO - Weather is: clear sky
2023-04-19 09:17:25,720 - __main__ - INFO - Token value: 2341
2023-04-19 09:17:26,577 - __main__ - INFO - Temperature in India is: 38.63 °C
2023-04-19 09:17:26,577 - __main__ - INFO - Weather is: clear sky
2023-04-20 09:16:50,407 - __main__ - INFO - Token value: 2341
2023-04-20 09:16:50,570 - __main__ - INFO - Temperature in India is: 39.2 °C
2023-04-20 09:16:50,570 - __main__ - INFO - Weather is: few clouds
2023-04-21 09:16:46,533 - __main__ - INFO - Token value: 2341
2023-04-21 09:16:47,354 - __main__ - INFO - Temperature in India is: 35.77 °C
2023-04-21 09:16:47,354 - __main__ - INFO - Weather is: few clouds
2023-04-22 09:15:33,902 - __main__ - INFO - Token value: 2341
2023-04-22 09:15:34,389 - __main__ - INFO - Temperature in India is: 37.17 °C
2023-04-22 09:15:34,389 - __main__ - INFO - Weather is: few clouds
2023-04-23 09:15:22,437 - __main__ - INFO - Token value: 2341
2023-04-23 09:15:23,189 - __main__ - INFO - Temperature in India is: 35.08 °C
2023-04-23 09:15:23,190 - __main__ - INFO - Weather is: clear sky
2023-04-24 09:17:32,444 - __main__ - INFO - Token value: 2341
2023-04-24 09:17:33,311 - __main__ - INFO - Temperature in India is: 36.07 °C
2023-04-24 09:17:33,311 - __main__ - INFO - Weather is: few clouds
